c:\users\elliot trapp\documents\workspaces\csc461\student\etrapp\pa5\pa5\release\performancetest.obj
c:\users\elliot trapp\documents\workspaces\csc461\student\etrapp\pa5\pa5\release\performance_matrixvectsimd.obj
c:\users\elliot trapp\documents\workspaces\csc461\student\etrapp\pa5\pa5\release\unit_lerp.obj
c:\users\elliot trapp\documents\workspaces\csc461\student\etrapp\pa5\pa5\release\unit_vect4d.obj
c:\users\elliot trapp\documents\workspaces\csc461\student\etrapp\pa5\pa5\release\matrix.obj
c:\users\elliot trapp\documents\workspaces\csc461\student\etrapp\pa5\pa5\release\unittest.obj
c:\users\elliot trapp\documents\workspaces\csc461\student\etrapp\pa5\pa5\release\performance_matrixsimd.obj
c:\users\elliot trapp\documents\workspaces\csc461\student\etrapp\pa5\pa5\release\performance_vectmatrixsimd.obj
c:\users\elliot trapp\documents\workspaces\csc461\student\etrapp\pa5\pa5\release\unit_matrix_vect.obj
c:\users\elliot trapp\documents\workspaces\csc461\student\etrapp\pa5\pa5\release\unit_vect_matrix.obj
c:\users\elliot trapp\documents\workspaces\csc461\student\etrapp\pa5\pa5\release\vect4d_simd.obj
c:\users\elliot trapp\documents\workspaces\csc461\student\etrapp\pa5\pa5\release\timer.obj
c:\users\elliot trapp\documents\workspaces\csc461\student\etrapp\pa5\pa5\release\performance_colmajorsimd.obj
c:\users\elliot trapp\documents\workspaces\csc461\student\etrapp\pa5\pa5\release\performance_rowmajorsimd.obj
c:\users\elliot trapp\documents\workspaces\csc461\student\etrapp\pa5\pa5\release\unit_matrix.obj
c:\users\elliot trapp\documents\workspaces\csc461\student\etrapp\pa5\pa5\release\lerp.obj
c:\users\elliot trapp\documents\workspaces\csc461\student\etrapp\pa5\pa5\release\matrix_simd.obj
c:\users\elliot trapp\documents\workspaces\csc461\student\etrapp\pa5\pa5\release\fileio.obj
c:\users\elliot trapp\documents\workspaces\csc461\student\etrapp\pa5\pa5\release\performance_lerpsimd.obj
c:\users\elliot trapp\documents\workspaces\csc461\student\etrapp\pa5\pa5\release\unit_col_major.obj
c:\users\elliot trapp\documents\workspaces\csc461\student\etrapp\pa5\pa5\release\unit_row_major.obj
c:\users\elliot trapp\documents\workspaces\csc461\student\etrapp\pa5\pa5\release\lerp_simd.obj
c:\users\elliot trapp\documents\workspaces\csc461\student\etrapp\pa5\pa5\release\vect4d.obj
c:\users\elliot trapp\documents\workspaces\csc461\student\etrapp\pa5\pa5\release\vc141.pdb
c:\users\elliot trapp\documents\workspaces\csc461\student\etrapp\pa5\pa5\release\performance_matrixvectcpp.obj
c:\users\elliot trapp\documents\workspaces\csc461\student\etrapp\pa5\pa5\release\performance_vectmatrixcpp.obj
c:\users\elliot trapp\documents\workspaces\csc461\student\etrapp\pa5\pa5\release\performance_colmajorcpp.obj
c:\users\elliot trapp\documents\workspaces\csc461\student\etrapp\pa5\pa5\release\performance_vectcpp.obj
c:\users\elliot trapp\documents\workspaces\csc461\student\etrapp\pa5\pa5\release\performance_matrixcpp.obj
c:\users\elliot trapp\documents\workspaces\csc461\student\etrapp\pa5\pa5\release\performance_rowmajorcpp.obj
c:\users\elliot trapp\documents\workspaces\csc461\student\etrapp\pa5\pa5\release\performance_lerpcpp.obj
c:\users\elliot trapp\documents\workspaces\csc461\student\etrapp\pa5\pa5\release\performance_vectsimd.obj
c:\users\elliot trapp\documents\workspaces\csc461\student\etrapp\pa5\pa5\release\main.obj
c:\users\elliot trapp\documents\workspaces\csc461\student\etrapp\pa5\release\simd.exe
c:\users\elliot trapp\documents\workspaces\csc461\student\etrapp\pa5\release\simd.pdb
c:\users\elliot trapp\documents\workspaces\csc461\student\etrapp\pa5\pa5\release\simd.tlog\cl.command.1.tlog
c:\users\elliot trapp\documents\workspaces\csc461\student\etrapp\pa5\pa5\release\simd.tlog\cl.read.1.tlog
c:\users\elliot trapp\documents\workspaces\csc461\student\etrapp\pa5\pa5\release\simd.tlog\cl.write.1.tlog
c:\users\elliot trapp\documents\workspaces\csc461\student\etrapp\pa5\pa5\release\simd.tlog\link.command.1.tlog
c:\users\elliot trapp\documents\workspaces\csc461\student\etrapp\pa5\pa5\release\simd.tlog\link.read.1.tlog
c:\users\elliot trapp\documents\workspaces\csc461\student\etrapp\pa5\pa5\release\simd.tlog\link.write.1.tlog
